2023-12-07 01:02:29,322 Hello! This is Joey-NMT.
2023-12-07 01:02:29,328 Total params: 28084232
2023-12-07 01:02:29,330 Trainable parameters: ['decoder.layer_norm.bias', 'decoder.layer_norm.weight', 'decoder.layers.0.dec_layer_norm.bias', 'decoder.layers.0.dec_layer_norm.weight', 'decoder.layers.0.feed_forward.layer_norm.bias', 'decoder.layers.0.feed_forward.layer_norm.weight', 'decoder.layers.0.feed_forward.pwff_layer.0.bias', 'decoder.layers.0.feed_forward.pwff_layer.0.weight', 'decoder.layers.0.feed_forward.pwff_layer.3.bias', 'decoder.layers.0.feed_forward.pwff_layer.3.weight', 'decoder.layers.0.src_trg_att.k_layer.bias', 'decoder.layers.0.src_trg_att.k_layer.weight', 'decoder.layers.0.src_trg_att.output_layer.bias', 'decoder.layers.0.src_trg_att.output_layer.weight', 'decoder.layers.0.src_trg_att.q_layer.bias', 'decoder.layers.0.src_trg_att.q_layer.weight', 'decoder.layers.0.src_trg_att.v_layer.bias', 'decoder.layers.0.src_trg_att.v_layer.weight', 'decoder.layers.0.trg_trg_att.k_layer.bias', 'decoder.layers.0.trg_trg_att.k_layer.weight', 'decoder.layers.0.trg_trg_att.output_layer.bias', 'decoder.layers.0.trg_trg_att.output_layer.weight', 'decoder.layers.0.trg_trg_att.q_layer.bias', 'decoder.layers.0.trg_trg_att.q_layer.weight', 'decoder.layers.0.trg_trg_att.v_layer.bias', 'decoder.layers.0.trg_trg_att.v_layer.weight', 'decoder.layers.0.x_layer_norm.bias', 'decoder.layers.0.x_layer_norm.weight', 'decoder.layers.1.dec_layer_norm.bias', 'decoder.layers.1.dec_layer_norm.weight', 'decoder.layers.1.feed_forward.layer_norm.bias', 'decoder.layers.1.feed_forward.layer_norm.weight', 'decoder.layers.1.feed_forward.pwff_layer.0.bias', 'decoder.layers.1.feed_forward.pwff_layer.0.weight', 'decoder.layers.1.feed_forward.pwff_layer.3.bias', 'decoder.layers.1.feed_forward.pwff_layer.3.weight', 'decoder.layers.1.src_trg_att.k_layer.bias', 'decoder.layers.1.src_trg_att.k_layer.weight', 'decoder.layers.1.src_trg_att.output_layer.bias', 'decoder.layers.1.src_trg_att.output_layer.weight', 'decoder.layers.1.src_trg_att.q_layer.bias', 'decoder.layers.1.src_trg_att.q_layer.weight', 'decoder.layers.1.src_trg_att.v_layer.bias', 'decoder.layers.1.src_trg_att.v_layer.weight', 'decoder.layers.1.trg_trg_att.k_layer.bias', 'decoder.layers.1.trg_trg_att.k_layer.weight', 'decoder.layers.1.trg_trg_att.output_layer.bias', 'decoder.layers.1.trg_trg_att.output_layer.weight', 'decoder.layers.1.trg_trg_att.q_layer.bias', 'decoder.layers.1.trg_trg_att.q_layer.weight', 'decoder.layers.1.trg_trg_att.v_layer.bias', 'decoder.layers.1.trg_trg_att.v_layer.weight', 'decoder.layers.1.x_layer_norm.bias', 'decoder.layers.1.x_layer_norm.weight', 'decoder.layers.2.dec_layer_norm.bias', 'decoder.layers.2.dec_layer_norm.weight', 'decoder.layers.2.feed_forward.layer_norm.bias', 'decoder.layers.2.feed_forward.layer_norm.weight', 'decoder.layers.2.feed_forward.pwff_layer.0.bias', 'decoder.layers.2.feed_forward.pwff_layer.0.weight', 'decoder.layers.2.feed_forward.pwff_layer.3.bias', 'decoder.layers.2.feed_forward.pwff_layer.3.weight', 'decoder.layers.2.src_trg_att.k_layer.bias', 'decoder.layers.2.src_trg_att.k_layer.weight', 'decoder.layers.2.src_trg_att.output_layer.bias', 'decoder.layers.2.src_trg_att.output_layer.weight', 'decoder.layers.2.src_trg_att.q_layer.bias', 'decoder.layers.2.src_trg_att.q_layer.weight', 'decoder.layers.2.src_trg_att.v_layer.bias', 'decoder.layers.2.src_trg_att.v_layer.weight', 'decoder.layers.2.trg_trg_att.k_layer.bias', 'decoder.layers.2.trg_trg_att.k_layer.weight', 'decoder.layers.2.trg_trg_att.output_layer.bias', 'decoder.layers.2.trg_trg_att.output_layer.weight', 'decoder.layers.2.trg_trg_att.q_layer.bias', 'decoder.layers.2.trg_trg_att.q_layer.weight', 'decoder.layers.2.trg_trg_att.v_layer.bias', 'decoder.layers.2.trg_trg_att.v_layer.weight', 'decoder.layers.2.x_layer_norm.bias', 'decoder.layers.2.x_layer_norm.weight', 'decoder.output_layer.weight', 'encoder.layer_norm.bias', 'encoder.layer_norm.weight', 'encoder.layers.0.feed_forward.layer_norm.bias', 'encoder.layers.0.feed_forward.layer_norm.weight', 'encoder.layers.0.feed_forward.pwff_layer.0.bias', 'encoder.layers.0.feed_forward.pwff_layer.0.weight', 'encoder.layers.0.feed_forward.pwff_layer.3.bias', 'encoder.layers.0.feed_forward.pwff_layer.3.weight', 'encoder.layers.0.layer_norm.bias', 'encoder.layers.0.layer_norm.weight', 'encoder.layers.0.src_src_att.k_layer.bias', 'encoder.layers.0.src_src_att.k_layer.weight', 'encoder.layers.0.src_src_att.output_layer.bias', 'encoder.layers.0.src_src_att.output_layer.weight', 'encoder.layers.0.src_src_att.q_layer.bias', 'encoder.layers.0.src_src_att.q_layer.weight', 'encoder.layers.0.src_src_att.v_layer.bias', 'encoder.layers.0.src_src_att.v_layer.weight', 'encoder.layers.1.feed_forward.layer_norm.bias', 'encoder.layers.1.feed_forward.layer_norm.weight', 'encoder.layers.1.feed_forward.pwff_layer.0.bias', 'encoder.layers.1.feed_forward.pwff_layer.0.weight', 'encoder.layers.1.feed_forward.pwff_layer.3.bias', 'encoder.layers.1.feed_forward.pwff_layer.3.weight', 'encoder.layers.1.layer_norm.bias', 'encoder.layers.1.layer_norm.weight', 'encoder.layers.1.src_src_att.k_layer.bias', 'encoder.layers.1.src_src_att.k_layer.weight', 'encoder.layers.1.src_src_att.output_layer.bias', 'encoder.layers.1.src_src_att.output_layer.weight', 'encoder.layers.1.src_src_att.q_layer.bias', 'encoder.layers.1.src_src_att.q_layer.weight', 'encoder.layers.1.src_src_att.v_layer.bias', 'encoder.layers.1.src_src_att.v_layer.weight', 'encoder.layers.2.feed_forward.layer_norm.bias', 'encoder.layers.2.feed_forward.layer_norm.weight', 'encoder.layers.2.feed_forward.pwff_layer.0.bias', 'encoder.layers.2.feed_forward.pwff_layer.0.weight', 'encoder.layers.2.feed_forward.pwff_layer.3.bias', 'encoder.layers.2.feed_forward.pwff_layer.3.weight', 'encoder.layers.2.layer_norm.bias', 'encoder.layers.2.layer_norm.weight', 'encoder.layers.2.src_src_att.k_layer.bias', 'encoder.layers.2.src_src_att.k_layer.weight', 'encoder.layers.2.src_src_att.output_layer.bias', 'encoder.layers.2.src_src_att.output_layer.weight', 'encoder.layers.2.src_src_att.q_layer.bias', 'encoder.layers.2.src_src_att.q_layer.weight', 'encoder.layers.2.src_src_att.v_layer.bias', 'encoder.layers.2.src_src_att.v_layer.weight', 'encoder.layers.3.feed_forward.layer_norm.bias', 'encoder.layers.3.feed_forward.layer_norm.weight', 'encoder.layers.3.feed_forward.pwff_layer.0.bias', 'encoder.layers.3.feed_forward.pwff_layer.0.weight', 'encoder.layers.3.feed_forward.pwff_layer.3.bias', 'encoder.layers.3.feed_forward.pwff_layer.3.weight', 'encoder.layers.3.layer_norm.bias', 'encoder.layers.3.layer_norm.weight', 'encoder.layers.3.src_src_att.k_layer.bias', 'encoder.layers.3.src_src_att.k_layer.weight', 'encoder.layers.3.src_src_att.output_layer.bias', 'encoder.layers.3.src_src_att.output_layer.weight', 'encoder.layers.3.src_src_att.q_layer.bias', 'encoder.layers.3.src_src_att.q_layer.weight', 'encoder.layers.3.src_src_att.v_layer.bias', 'encoder.layers.3.src_src_att.v_layer.weight', 'gloss_output_layer.bias', 'gloss_output_layer.weight', 'sgn_embed.ln.bias', 'sgn_embed.ln.weight', 'sgn_embed.norm.norm.bias', 'sgn_embed.norm.norm.weight', 'txt_embed.lut.weight', 'txt_embed.norm.norm.bias', 'txt_embed.norm.norm.weight']
2023-12-07 01:02:29,333 cfg.name                           : sign_experiment
2023-12-07 01:02:29,333 cfg.data.data_path                 : ./data/
2023-12-07 01:02:29,333 cfg.data.version                   : phoenix_2014_trans
2023-12-07 01:02:29,333 cfg.data.sgn                       : sign
2023-12-07 01:02:29,333 cfg.data.txt                       : text
2023-12-07 01:02:29,333 cfg.data.gls                       : gloss
2023-12-07 01:02:29,334 cfg.data.train                     : excel_data.train
2023-12-07 01:02:29,334 cfg.data.dev                       : excel_data.dev
2023-12-07 01:02:29,334 cfg.data.test                      : excel_data.test
2023-12-07 01:02:29,334 cfg.data.feature_size              : 2560
2023-12-07 01:02:29,334 cfg.data.level                     : word
2023-12-07 01:02:29,334 cfg.data.txt_lowercase             : True
2023-12-07 01:02:29,334 cfg.data.max_sent_length           : 400
2023-12-07 01:02:29,334 cfg.data.random_train_subset       : -1
2023-12-07 01:02:29,335 cfg.data.random_dev_subset         : -1
2023-12-07 01:02:29,335 cfg.testing.recognition_beam_sizes : [1, 2, 3, 4, 5, 6, 7, 8, 9, 10]
2023-12-07 01:02:29,335 cfg.testing.translation_beam_sizes : [1, 2, 3, 4, 5, 6, 7, 8, 9, 10]
2023-12-07 01:02:29,335 cfg.testing.translation_beam_alphas : [-1, 0, 1, 2, 3, 4, 5]
2023-12-07 01:02:29,335 cfg.training.reset_best_ckpt       : False
2023-12-07 01:02:29,335 cfg.training.reset_scheduler       : False
2023-12-07 01:02:29,335 cfg.training.reset_optimizer       : False
2023-12-07 01:02:29,335 cfg.training.random_seed           : 42
2023-12-07 01:02:29,335 cfg.training.model_dir             : ./sign_sample_model
2023-12-07 01:02:29,336 cfg.training.recognition_loss_weight : 1.0
2023-12-07 01:02:29,336 cfg.training.translation_loss_weight : 1.0
2023-12-07 01:02:29,336 cfg.training.eval_metric           : bleu
2023-12-07 01:02:29,336 cfg.training.optimizer             : adam
2023-12-07 01:02:29,336 cfg.training.learning_rate         : 0.001
2023-12-07 01:02:29,336 cfg.training.batch_size            : 256
2023-12-07 01:02:29,336 cfg.training.num_valid_log         : 5
2023-12-07 01:02:29,336 cfg.training.epochs                : 50000
2023-12-07 01:02:29,336 cfg.training.early_stopping_metric : eval_metric
2023-12-07 01:02:29,337 cfg.training.batch_type            : sentence
2023-12-07 01:02:29,337 cfg.training.translation_normalization : batch
2023-12-07 01:02:29,337 cfg.training.eval_recognition_beam_size : 1
2023-12-07 01:02:29,337 cfg.training.eval_translation_beam_size : 1
2023-12-07 01:02:29,337 cfg.training.eval_translation_beam_alpha : -1
2023-12-07 01:02:29,337 cfg.training.overwrite             : True
2023-12-07 01:02:29,337 cfg.training.shuffle               : True
2023-12-07 01:02:29,337 cfg.training.use_cuda              : False
2023-12-07 01:02:29,337 cfg.training.translation_max_output_length : 30
2023-12-07 01:02:29,338 cfg.training.keep_last_ckpts       : 1
2023-12-07 01:02:29,338 cfg.training.batch_multiplier      : 1
2023-12-07 01:02:29,338 cfg.training.logging_freq          : 100
2023-12-07 01:02:29,338 cfg.training.validation_freq       : 100
2023-12-07 01:02:29,338 cfg.training.betas                 : [0.9, 0.998]
2023-12-07 01:02:29,338 cfg.training.scheduling            : plateau
2023-12-07 01:02:29,338 cfg.training.learning_rate_min     : 1e-07
2023-12-07 01:02:29,338 cfg.training.weight_decay          : 0.001
2023-12-07 01:02:29,339 cfg.training.patience              : 8
2023-12-07 01:02:29,339 cfg.training.decrease_factor       : 0.7
2023-12-07 01:02:29,339 cfg.training.label_smoothing       : 0.0
2023-12-07 01:02:29,339 cfg.model.initializer              : xavier
2023-12-07 01:02:29,339 cfg.model.bias_initializer         : zeros
2023-12-07 01:02:29,339 cfg.model.init_gain                : 1.0
2023-12-07 01:02:29,339 cfg.model.embed_initializer        : xavier
2023-12-07 01:02:29,339 cfg.model.embed_init_gain          : 1.0
2023-12-07 01:02:29,339 cfg.model.tied_softmax             : False
2023-12-07 01:02:29,340 cfg.model.encoder.type             : transformer
2023-12-07 01:02:29,340 cfg.model.encoder.num_layers       : 4
2023-12-07 01:02:29,340 cfg.model.encoder.num_heads        : 16
2023-12-07 01:02:29,340 cfg.model.encoder.embeddings.embedding_dim : 512
2023-12-07 01:02:29,340 cfg.model.encoder.embeddings.scale : False
2023-12-07 01:02:29,340 cfg.model.encoder.embeddings.dropout : 0.1
2023-12-07 01:02:29,340 cfg.model.encoder.embeddings.norm_type : batch
2023-12-07 01:02:29,340 cfg.model.encoder.embeddings.activation_type : softsign
2023-12-07 01:02:29,340 cfg.model.encoder.hidden_size      : 512
2023-12-07 01:02:29,340 cfg.model.encoder.ff_size          : 2048
2023-12-07 01:02:29,341 cfg.model.encoder.dropout          : 0.1
2023-12-07 01:02:29,341 cfg.model.decoder.type             : transformer
2023-12-07 01:02:29,341 cfg.model.decoder.num_layers       : 3
2023-12-07 01:02:29,341 cfg.model.decoder.num_heads        : 8
2023-12-07 01:02:29,341 cfg.model.decoder.embeddings.embedding_dim : 512
2023-12-07 01:02:29,341 cfg.model.decoder.embeddings.scale : False
2023-12-07 01:02:29,341 cfg.model.decoder.embeddings.dropout : 0.1
2023-12-07 01:02:29,341 cfg.model.decoder.embeddings.norm_type : batch
2023-12-07 01:02:29,341 cfg.model.decoder.embeddings.activation_type : softsign
2023-12-07 01:02:29,342 cfg.model.decoder.hidden_size      : 512
2023-12-07 01:02:29,342 cfg.model.decoder.ff_size          : 2048
2023-12-07 01:02:29,342 cfg.model.decoder.dropout          : 0.1
2023-12-07 01:02:29,342 Data set sizes: 
	train 407,
	valid 134,
	test 134
2023-12-07 01:02:29,342 First training example:
	[GLS] A B C D E
	[TXT] on 1st february 2022 finance minister nirmala sitharaman at the parliament
2023-12-07 01:02:29,342 First 10 words (gls): (0) <si> (1) <unk> (2) <pad> (3) A (4) B (5) C (6) D (7) E
2023-12-07 01:02:29,342 First 10 words (txt): (0) <unk> (1) <pad> (2) <s> (3) </s> (4) the (5) to (6) and (7) of (8) in (9) a
2023-12-07 01:02:29,342 Number of unique glosses (types): 8
2023-12-07 01:02:29,343 Number of unique words (types): 1507
2023-12-07 01:02:29,343 SignModel(
	encoder=TransformerEncoder(num_layers=4, num_heads=16),
	decoder=TransformerDecoder(num_layers=3, num_heads=8),
	sgn_embed=SpatialEmbeddings(embedding_dim=512, input_size=2560),
	txt_embed=Embeddings(embedding_dim=512, vocab_size=1507))
2023-12-07 01:02:29,345 EPOCH 1
2023-12-07 01:04:03,065 Epoch   1: Total Training Recognition Loss 40.80  Total Training Translation Loss 217.29 
2023-12-07 01:04:03,068 EPOCH 2
2023-12-07 01:05:31,214 Epoch   2: Total Training Recognition Loss 21.16  Total Training Translation Loss 203.20 
2023-12-07 01:05:31,217 EPOCH 3
2023-12-07 01:06:56,453 Epoch   3: Total Training Recognition Loss 18.52  Total Training Translation Loss 189.76 
2023-12-07 01:06:56,454 EPOCH 4
2023-12-07 01:08:23,342 Epoch   4: Total Training Recognition Loss 20.14  Total Training Translation Loss 182.82 
2023-12-07 01:08:23,343 EPOCH 5
